15:42:54| Starting to retrieve data from the server
15:42:57| Luke Skywalker
15:42:57| C-3PO
15:42:57| R2-D2
15:42:57| Darth Vader
15:42:57| Leia Organa
15:42:57| Owen Lars
15:42:57| Beru Whitesun lars
15:42:57| Obi-Wan Kenobi
15:42:57| Anakin Skywalker
15:42:57| Wilhuff Tarkin
15:42:57| Chewbacca
15:42:57| Yoda
15:42:57| Palpatine
15:42:57| Nute Gunray
15:42:57| Padmé Amidala
15:42:57| Ayla Secura
15:42:57| Mace Windu
15:42:57| Ki-Adi-Mundi
15:42:57| Kit Fisto
15:42:57| Eeth Koth
15:42:57| Adi Gallia
15:42:57| Saesee Tiin
15:42:57| Plo Koon
15:42:57| Poggle the Lesser
15:42:57| Luminara Unduli
15:42:57| Dooku
15:42:57| Bail Prestor Organa
15:42:57| R4-P17
15:42:57| Shaak Ti
15:42:57| Grievous
15:42:57| Tarfful
15:42:57| Raymus Antilles
15:42:57| Sly Moore
15:42:57| Tion Medon
15:42:58| Tatooine
15:42:58| Alderaan
15:42:58| Dagobah
15:42:58| Naboo
15:42:58| Coruscant
15:42:58| Utapau
15:42:58| Mustafar
15:42:58| Kashyyyk
15:42:58| Polis Massa
15:42:58| Mygeeto
15:42:58| Felucia
15:42:58| Cato Neimoidia
15:42:58| Saleucami
15:42:59| CR90 corvette
15:42:59| Droid control ship
15:42:59| Jedi starfighter
15:42:59| Trade Federation cruiser
15:42:59| Theta-class T-2c shuttle
15:42:59| Republic attack cruiser
15:42:59| Naboo star skiff
15:42:59| Jedi Interceptor
15:42:59| arc-170
15:42:59| Banking clan frigte
15:42:59| Belbullab-22 starfighter
15:42:59| V-wing
15:43:00| Vulture Droid
15:43:00| LAAT/i
15:43:00| AT-TE
15:43:00| Neimoidian shuttle
15:43:00| Tsmeu-6 personal wheel bike
15:43:00| Emergency Firespeeder
15:43:00| Droid tri-fighter
15:43:00| Oevvaor jet catamaran
15:43:00| Raddaugh Gnasp fluttercraft
15:43:00| Clone turbo tank
15:43:00| Corporate Alliance tank droid
15:43:00| Droid gunship
15:43:00| AT-RT
15:43:01| Human
15:43:01| Droid
15:43:01| Wookie
15:43:01| Yoda species
15:43:01| Twi lek
15:43:01| Toong
15:43:01| Cerean
15:43:01| Tholothian
15:43:01| Iktotchi
15:43:01| Quermian
15:43:01| Kel Dor
15:43:01| Chagrian
15:43:01| Geonosian
15:43:01| Mirialan
15:43:01| Clawdite
15:43:01| Skakoan
15:43:01| Muun
15:43:01| Togruta
15:43:01| Kaleesh
15:43:01| Pau an
15:43:01| Total Time To complete = 7.22430190
15:43:01| There were 0 calls to the server
